Build started 30/05/2015 03:42:11.
     1>Project "C:\Users\João\Desktop\Fase 4 - FINAL\Fase 1\Fase 1.vcxproj" on node 2 (Build target(s)).
     1>C:\Program Files (x86)\MSBuild\Microsoft.Cpp\v4.0\V120\Microsoft.CppBuild.targets(388,5): warning MSB8028: The intermediate directory (Release\) contains files shared from another project (Fase 1.vcxproj).  This can lead to incorrect clean and rebuild behavior.
     1>ClCompile:
         C:\Program Files (x86)\Microsoft Visual Studio 12.0\VC\bin\CL.exe /c /Zi /nologo /W3 /WX- /O2 /Oi /Oy- /GL /D WIN32 /D NDEBUG /D _CONSOLE /D _LIB /D _UNICODE /D UNICODE /Gm- /EHsc /MD /GS /Gy /fp:precise /Zc:wchar_t /Zc:forScope /Fo"Release\\" /Fd"Release\vc120.pdb" /Gd /TP /analyze- /errorReport:prompt Gerador.cpp
         Gerador.cpp
     1>Gerador.cpp(41): warning C4996: 'fopen': This function or variable may be unsafe. Consider using fopen_s instead. To disable deprecation, use _CRT_SECURE_NO_WARNINGS. See online help for details.
                 C:\Program Files (x86)\Microsoft Visual Studio 12.0\VC\include\stdio.h(211) : see declaration of 'fopen'
     1>Gerador.cpp(84): warning C4244: 'initializing' : conversion from 'double' to 'float', possible loss of data
     1>Gerador.cpp(90): warning C4244: '=' : conversion from 'double' to 'float', possible loss of data
     1>Gerador.cpp(103): warning C4244: '=' : conversion from 'double' to 'float', possible loss of data
     1>Gerador.cpp(106): warning C4244: '=' : conversion from 'double' to 'float', possible loss of data
     1>Gerador.cpp(109): warning C4244: '=' : conversion from 'double' to 'float', possible loss of data
     1>Gerador.cpp(112): warning C4244: '=' : conversion from 'double' to 'float', possible loss of data
     1>Gerador.cpp(121): warning C4244: '=' : conversion from 'double' to 'float', possible loss of data
     1>Gerador.cpp(125): warning C4244: '=' : conversion from 'double' to 'float', possible loss of data
     1>Gerador.cpp(140): warning C4244: '=' : conversion from 'double' to 'float', possible loss of data
     1>Gerador.cpp(159): warning C4244: '=' : conversion from 'double' to 'float', possible loss of data
     1>Gerador.cpp(173): warning C4244: '=' : conversion from 'double' to 'float', possible loss of data
     1>Gerador.cpp(186): warning C4244: '=' : conversion from 'double' to 'float', possible loss of data
     1>Gerador.cpp(193): warning C4244: '=' : conversion from 'double' to 'float', possible loss of data
     1>Gerador.cpp(201): warning C4244: '=' : conversion from 'double' to 'float', possible loss of data
     1>Gerador.cpp(297): warning C4244: '=' : conversion from 'double' to 'float', possible loss of data
     1>Gerador.cpp(303): warning C4244: '=' : conversion from 'double' to 'float', possible loss of data
     1>Gerador.cpp(306): warning C4244: '=' : conversion from 'double' to 'float', possible loss of data
     1>Gerador.cpp(309): warning C4244: '=' : conversion from 'double' to 'float', possible loss of data
     1>Gerador.cpp(312): warning C4244: '=' : conversion from 'double' to 'float', possible loss of data
     1>Gerador.cpp(321): warning C4244: '=' : conversion from 'double' to 'float', possible loss of data
     1>Gerador.cpp(325): warning C4244: '=' : conversion from 'double' to 'float', possible loss of data
     1>Gerador.cpp(335): warning C4244: '=' : conversion from 'double' to 'float', possible loss of data
     1>Gerador.cpp(338): warning C4244: '=' : conversion from 'double' to 'float', possible loss of data
     1>Gerador.cpp(355): warning C4244: '=' : conversion from 'double' to 'float', possible loss of data
     1>Gerador.cpp(371): warning C4244: '=' : conversion from 'double' to 'float', possible loss of data
     1>Gerador.cpp(377): warning C4244: '=' : conversion from 'double' to 'float', possible loss of data
     1>Gerador.cpp(380): warning C4244: '=' : conversion from 'double' to 'float', possible loss of data
     1>Gerador.cpp(383): warning C4244: '=' : conversion from 'double' to 'float', possible loss of data
     1>Gerador.cpp(386): warning C4244: '=' : conversion from 'double' to 'float', possible loss of data
     1>Gerador.cpp(396): warning C4244: '=' : conversion from 'double' to 'float', possible loss of data
     1>Gerador.cpp(400): warning C4244: '=' : conversion from 'double' to 'float', possible loss of data
     1>Gerador.cpp(87): warning C4101: 'normal' : unreferenced local variable
     1>Gerador.cpp(429): warning C4244: '=' : conversion from 'double' to 'float', possible loss of data
     1>Gerador.cpp(431): warning C4244: '=' : conversion from 'double' to 'float', possible loss of data
     1>Gerador.cpp(432): warning C4244: '=' : conversion from 'double' to 'float', possible loss of data
     1>Gerador.cpp(434): warning C4244: '=' : conversion from 'double' to 'float', possible loss of data
     1>Gerador.cpp(445): warning C4244: '=' : conversion from 'double' to 'float', possible loss of data
     1>Gerador.cpp(447): warning C4244: '=' : conversion from 'double' to 'float', possible loss of data
     1>Gerador.cpp(448): warning C4244: '=' : conversion from 'double' to 'float', possible loss of data
     1>Gerador.cpp(450): warning C4244: '=' : conversion from 'double' to 'float', possible loss of data
     1>Gerador.cpp(451): warning C4244: '=' : conversion from 'double' to 'float', possible loss of data
     1>Gerador.cpp(453): warning C4244: '=' : conversion from 'double' to 'float', possible loss of data
     1>Gerador.cpp(456): warning C4244: '=' : conversion from 'double' to 'float', possible loss of data
     1>Gerador.cpp(458): warning C4244: '=' : conversion from 'double' to 'float', possible loss of data
     1>Gerador.cpp(459): warning C4244: '=' : conversion from 'double' to 'float', possible loss of data
     1>Gerador.cpp(461): warning C4244: '=' : conversion from 'double' to 'float', possible loss of data
     1>Gerador.cpp(462): warning C4244: '=' : conversion from 'double' to 'float', possible loss of data
     1>Gerador.cpp(464): warning C4244: '=' : conversion from 'double' to 'float', possible loss of data
     1>Gerador.cpp(514): warning C4305: '=' : truncation from 'double' to 'float'
     1>Gerador.cpp(551): warning C4305: '=' : truncation from 'double' to 'float'
     1>Gerador.cpp(554): warning C4305: '=' : truncation from 'double' to 'float'
     1>Gerador.cpp(586): warning C4305: '=' : truncation from 'double' to 'float'
     1>Gerador.cpp(589): warning C4305: '=' : truncation from 'double' to 'float'
     1>Gerador.cpp(592): warning C4305: '=' : truncation from 'double' to 'float'
     1>Gerador.cpp(623): warning C4305: '=' : truncation from 'double' to 'float'
     1>Gerador.cpp(626): warning C4305: '=' : truncation from 'double' to 'float'
     1>Gerador.cpp(629): warning C4305: '=' : truncation from 'double' to 'float'
     1>Gerador.cpp(661): warning C4305: '=' : truncation from 'double' to 'float'
     1>Gerador.cpp(664): warning C4305: '=' : truncation from 'double' to 'float'
     1>Gerador.cpp(698): warning C4305: '=' : truncation from 'double' to 'float'
     1>Gerador.cpp(736): warning C4305: '=' : truncation from 'double' to 'float'
     1>Gerador.cpp(739): warning C4305: '=' : truncation from 'double' to 'float'
     1>Gerador.cpp(742): warning C4305: '=' : truncation from 'double' to 'float'
     1>Gerador.cpp(773): warning C4305: '=' : truncation from 'double' to 'float'
     1>Gerador.cpp(776): warning C4305: '=' : truncation from 'double' to 'float'
     1>Gerador.cpp(779): warning C4305: '=' : truncation from 'double' to 'float'
     1>Gerador.cpp(811): warning C4305: '=' : truncation from 'double' to 'float'
     1>Gerador.cpp(814): warning C4305: '=' : truncation from 'double' to 'float'
     1>Gerador.cpp(817): warning C4305: '=' : truncation from 'double' to 'float'
     1>Gerador.cpp(848): warning C4305: '=' : truncation from 'double' to 'float'
     1>Gerador.cpp(851): warning C4305: '=' : truncation from 'double' to 'float'
     1>Gerador.cpp(854): warning C4305: '=' : truncation from 'double' to 'float'
     1>Gerador.cpp(886): warning C4305: '=' : truncation from 'double' to 'float'
     1>Gerador.cpp(889): warning C4305: '=' : truncation from 'double' to 'float'
     1>Gerador.cpp(892): warning C4305: '=' : truncation from 'double' to 'float'
     1>Gerador.cpp(923): warning C4305: '=' : truncation from 'double' to 'float'
     1>Gerador.cpp(926): warning C4305: '=' : truncation from 'double' to 'float'
     1>Gerador.cpp(929): warning C4305: '=' : truncation from 'double' to 'float'
     1>Gerador.cpp(1024): warning C4244: 'argument' : conversion from 'double' to 'int', possible loss of data
     1>Gerador.cpp(1025): warning C4244: 'argument' : conversion from 'double' to 'int', possible loss of data
     1>Gerador.cpp(1026): warning C4244: 'argument' : conversion from 'double' to 'int', possible loss of data
       Link:
         C:\Program Files (x86)\Microsoft Visual Studio 12.0\VC\bin\link.exe /ERRORREPORT:PROMPT /OUT:"C:\Users\João\Desktop\Fase 4 - FINAL\Release\Gerador.exe" /INCREMENTAL:NO /NOLOGO kernel32.lib user32.lib gdi32.lib winspool.lib comdlg32.lib advapi32.lib shell32.lib ole32.lib oleaut32.lib uuid.lib odbc32.lib odbccp32.lib /MANIFEST /MANIFESTUAC:"level='asInvoker' uiAccess='false'" /manifest:embed /DEBUG /PDB:"C:\Users\João\Desktop\Fase 4 - FINAL\Release\Gerador.pdb" /SUBSYSTEM:CONSOLE /OPT:REF /OPT:ICF /LTCG /TLBID:1 /DYNAMICBASE /NXCOMPAT /IMPLIB:"C:\Users\João\Desktop\Fase 4 - FINAL\Release\Gerador.lib" /MACHINE:X86 /SAFESEH Release\Gerador.obj
         Generating code
         Finished generating code
         Fase 1.vcxproj -> C:\Users\João\Desktop\Fase 4 - FINAL\Release\Gerador.exe
     1>Done Building Project "C:\Users\João\Desktop\Fase 4 - FINAL\Fase 1\Fase 1.vcxproj" (Build target(s)).

Build succeeded.

Time Elapsed 00:00:03.36
